SF:lib/domains/equal_temperament.dart
DA:21,40
DA:26,28
DA:35,36
DA:38,8
DA:39,8
DA:40,16
DA:41,16
DA:48,8
DA:50,8
DA:52,16
DA:53,24
DA:54,16
DA:55,16
DA:56,8
DA:57,14
DA:58,1
DA:60,8
DA:63,1
DA:65,1
DA:66,6
DA:71,0
DA:72,0
DA:74,1
DA:75,3
DA:81,9
DA:83,72
DA:85,45
DA:95,10
DA:96,20
DA:97,30
DA:100,0
DA:105,9
DA:106,18
DA:128,4
DA:129,4
DA:130,4
DA:131,4
DA:132,4
DA:134,4
DA:135,6
DA:136,9
DA:138,8
DA:139,8
DA:141,0
DA:144,0
DA:145,0
DA:146,0
DA:149,0
DA:151,0
DA:165,10
DA:166,20
DA:167,20
DA:170,0
DA:214,10
DA:215,10
DA:216,10
DA:219,0
DA:223,20
DA:224,20
DA:226,20
DA:227,40
DA:232,0
DA:242,30
DA:244,2
DA:248,9
DA:249,45
DA:254,15
DA:255,75
DA:262,11
DA:263,33
DA:266,1
DA:267,1
DA:268,2
DA:271,2
DA:272,2
DA:273,4
DA:276,2
DA:277,2
DA:278,4
DA:315,6
DA:319,6
DA:320,12
DA:321,6
DA:322,6
DA:324,6
DA:325,24
DA:326,36
LF:87
LH:75
end_of_record
SF:lib/utils/formula.dart
DA:7,7
DA:8,49
DA:9,119
DA:12,3
DA:13,12
DA:14,15
DA:15,6
DA:18,5
DA:22,20
DA:23,5
DA:24,25
DA:25,10
LF:12
LH:12
end_of_record
SF:lib/domains/annotation.dart
DA:8,4
DA:13,28
DA:18,1
DA:19,3
DA:21,0
DA:22,0
DA:24,1
DA:26,1
DA:27,3
DA:28,3
DA:31,2
DA:32,6
DA:33,6
DA:40,30
DA:42,0
DA:44,0
DA:45,0
DA:47,0
DA:49,8
DA:51,0
DA:52,0
DA:54,2
DA:55,4
DA:60,6
DA:62,20
DA:64,12
DA:66,6
LF:27
LH:19
end_of_record
SF:lib/domains/cache_manager.dart
DA:8,0
DA:9,0
DA:11,4
DA:12,8
DA:13,4
DA:17,4
DA:20,4
LF:7
LH:5
end_of_record
SF:lib/domains/chord.dart
DA:12,11
DA:18,10
DA:20,20
DA:22,10
DA:25,0
DA:29,30
DA:32,40
DA:34,8
DA:35,0
DA:38,20
DA:40,10
DA:41,0
DA:44,10
DA:50,30
DA:52,10
DA:54,130
DA:56,60
DA:60,10
DA:67,7
DA:68,21
DA:69,21
DA:70,21
DA:73,20
DA:74,10
DA:76,10
DA:77,10
DA:80,8
DA:82,4
DA:83,4
DA:84,4
DA:87,8
DA:89,15
DA:90,16
DA:91,6
DA:92,27
DA:93,9
DA:94,8
DA:97,7
DA:99,7
DA:100,7
DA:105,4
DA:106,32
DA:108,0
DA:110,0
DA:116,4
DA:123,4
DA:124,4
DA:125,4
DA:127,0
DA:130,8
DA:131,12
DA:139,1
DA:141,1
DA:142,4
DA:147,0
DA:148,0
DA:150,2
DA:151,8
DA:153,0
DA:154,0
DA:155,0
DA:156,0
DA:157,0
DA:160,4
DA:161,2
DA:162,6
DA:163,2
DA:169,11
DA:175,22
DA:176,0
DA:178,22
DA:179,11
DA:180,18
DA:183,10
DA:184,20
DA:186,50
DA:189,10
DA:191,0
DA:194,20
DA:195,30
DA:201,6
DA:202,3
DA:203,3
DA:204,3
DA:205,3
DA:206,0
DA:207,0
DA:209,15
DA:210,18
DA:215,7
DA:217,7
DA:218,7
DA:219,21
DA:220,35
DA:225,4
DA:227,8
DA:228,12
DA:229,20
DA:231,8
DA:232,32
DA:234,1
DA:235,1
DA:236,1
DA:237,2
DA:238,1
DA:239,1
DA:252,2
DA:253,6
DA:256,10
DA:257,40
DA:324,10
DA:325,20
DA:326,30
DA:328,0
DA:349,11
DA:350,36
DA:351,4
DA:353,11
DA:354,15
DA:356,11
DA:357,11
DA:358,44
DA:359,11
DA:389,8
DA:390,16
DA:391,24
DA:393,0
DA:416,36
DA:418,0
DA:419,0
DA:424,29
DA:426,10
DA:427,10
DA:429,30
DA:432,10
DA:434,10
DA:436,20
DA:437,8
DA:438,8
DA:439,8
DA:440,8
DA:441,8
DA:442,8
DA:443,16
DA:446,20
DA:447,8
DA:448,4
DA:449,12
DA:450,4
DA:452,10
DA:453,8
DA:461,8
DA:462,64
DA:464,54
DA:466,9
DA:467,18
DA:469,5
DA:471,5
DA:472,15
DA:477,3
DA:478,15
DA:480,7
DA:483,7
DA:484,7
DA:485,7
DA:486,7
DA:487,7
DA:488,7
DA:491,49
DA:492,28
DA:494,7
DA:496,6
DA:497,9
DA:499,5
DA:503,21
LF:175
LH:154
end_of_record
SF:lib/domains/chroma.dart
DA:19,8
DA:21,21
DA:25,3
DA:27,3
DA:28,6
DA:30,12
DA:31,9
DA:32,2
DA:40,4
DA:42,2
DA:43,16
DA:49,18
DA:50,6
DA:51,35
DA:53,18
DA:55,49
DA:57,7
DA:58,7
DA:59,14
DA:60,7
DA:61,21
DA:62,28
DA:63,7
DA:66,6
DA:67,30
DA:68,0
DA:69,6
DA:70,54
DA:73,6
DA:74,36
DA:77,3
DA:78,18
DA:81,18
DA:83,7
DA:84,14
DA:86,4
DA:88,20
DA:91,0
DA:93,0
DA:94,0
DA:96,2
DA:98,2
DA:99,6
DA:105,2
DA:106,10
DA:112,32
DA:114,5
DA:115,5
DA:117,15
DA:118,10
DA:119,5
DA:122,5
DA:125,10
DA:127,1
DA:132,1
DA:133,1
DA:136,4
DA:139,0
DA:144,19
DA:167,42
DA:169,1
DA:170,3
DA:172,20
DA:174,20
LF:64
LH:59
end_of_record
SF:lib/domains/musical_label.dart
DA:6,0
DA:10,38
DA:16,17
DA:18,9
DA:19,27
DA:21,40
DA:23,9
DA:24,18
LF:8
LH:7
end_of_record
SF:lib/domains/chord_cell.dart
DA:11,5
DA:16,1
DA:23,3
DA:24,6
DA:26,2
DA:27,20
DA:29,1
DA:31,4
DA:33,1
DA:35,7
DA:38,0
DA:39,0
DA:41,1
DA:42,1
DA:43,1
DA:44,1
DA:49,2
DA:50,6
DA:52,8
DA:53,1
DA:56,6
DA:58,2
DA:59,2
DA:61,6
DA:62,6
DA:63,6
DA:64,6
DA:70,2
DA:72,2
DA:74,2
DA:78,2
DA:79,4
DA:81,2
DA:82,2
DA:83,2
DA:85,3
DA:86,2
DA:89,4
DA:90,2
DA:91,6
DA:92,4
DA:94,4
DA:95,4
DA:99,2
DA:104,4
DA:110,4
DA:113,8
DA:117,1
DA:118,1
DA:119,5
DA:120,2
DA:121,1
DA:124,3
DA:126,3
DA:127,3
DA:128,2
DA:129,2
DA:133,1
DA:135,1
DA:136,3
DA:137,3
DA:138,3
DA:141,0
DA:142,0
LF:64
LH:60
end_of_record
SF:lib/utils/score.dart
DA:8,3
DA:10,2
DA:12,6
DA:26,10
DA:27,16
DA:29,12
DA:30,12
DA:32,1
DA:33,10
DA:35,0
DA:36,0
DA:38,2
DA:40,14
DA:42,0
DA:43,0
DA:44,0
DA:45,0
DA:46,0
DA:47,0
DA:48,0
DA:50,0
DA:51,0
DA:53,0
DA:54,0
DA:56,2
DA:58,2
DA:59,18
LF:27
LH:14
end_of_record
SF:lib/domains/chord_progression.dart
DA:10,23
DA:12,0
DA:15,0
DA:18,2
DA:19,2
DA:20,8
DA:21,2
DA:24,2
DA:30,5
DA:31,0
DA:34,2
DA:35,6
DA:36,2
DA:39,2
DA:43,4
DA:45,1
DA:48,2
DA:57,4
DA:58,8
DA:60,6
DA:62,0
DA:63,0
DA:64,0
DA:65,0
DA:68,0
DA:69,0
DA:70,0
DA:71,0
DA:72,0
DA:74,0
DA:75,0
DA:76,0
DA:79,0
DA:82,1
DA:83,6
DA:85,1
DA:89,1
DA:90,1
DA:95,4
DA:96,2
DA:97,1
DA:99,3
DA:101,1
DA:103,7
DA:104,3
DA:105,3
DA:109,3
DA:110,2
DA:111,1
DA:113,3
DA:114,2
DA:115,1
DA:117,2
DA:118,1
DA:119,1
DA:121,1
DA:124,2
DA:125,1
DA:126,0
DA:127,1
DA:128,1
DA:135,0
DA:136,0
DA:138,2
DA:139,4
DA:141,6
DA:143,6
DA:144,2
DA:145,6
DA:146,2
DA:148,8
DA:149,4
DA:150,4
DA:156,2
DA:159,0
DA:160,0
DA:163,0
DA:165,0
DA:167,3
DA:168,1
DA:169,5
DA:170,1
DA:172,10
DA:174,3
DA:175,6
DA:177,15
DA:179,6
DA:181,10
DA:183,0
DA:185,0
DA:186,0
DA:187,0
DA:188,0
DA:189,0
DA:190,0
LF:95
LH:65
end_of_record
SF:lib/utils/table.dart
DA:11,0
DA:13,0
DA:15,0
DA:16,0
DA:18,0
DA:19,0
DA:21,0
DA:22,0
DA:23,0
DA:24,0
DA:26,0
DA:33,0
DA:34,0
DA:37,0
DA:38,0
DA:41,0
DA:42,0
DA:43,0
DA:45,0
DA:46,0
DA:47,0
DA:48,0
DA:50,0
DA:55,0
DA:56,0
LF:25
LH:0
end_of_record
SF:lib/domains/chord_search_tree.dart
DA:12,2
DA:16,2
DA:20,2
DA:21,2
DA:23,4
DA:26,4
DA:30,2
DA:31,6
DA:34,10
DA:35,4
DA:36,4
DA:37,2
DA:43,2
DA:45,2
DA:47,4
DA:48,12
DA:53,1
DA:55,1
DA:57,4
DA:59,5
DA:64,0
DA:66,0
DA:68,0
DA:69,0
DA:70,0
DA:74,2
DA:76,2
DA:77,6
DA:80,2
DA:81,2
DA:82,4
DA:84,10
DA:85,2
DA:87,2
LF:34
LH:29
end_of_record
SF:lib/utils/tree.dart
DA:4,1
DA:9,5
DA:11,1
DA:12,2
DA:15,1
DA:16,5
DA:18,1
DA:19,6
DA:20,1
DA:21,1
DA:25,0
DA:26,0
DA:30,2
DA:36,2
DA:37,2
DA:38,4
DA:42,6
DA:44,0
DA:48,0
DA:51,0
DA:52,0
LF:21
LH:15
end_of_record
SF:lib/service.dart
DA:22,0
DA:31,0
DA:33,0
DA:60,3
DA:63,9
DA:82,3
DA:87,3
DA:88,9
DA:90,6
DA:93,1
DA:94,3
DA:95,1
DA:96,1
DA:97,1
DA:98,1
DA:104,0
DA:105,0
DA:107,0
DA:108,0
DA:114,0
DA:116,0
DA:117,0
DA:119,0
DA:120,0
DA:121,0
DA:122,0
DA:129,0
DA:130,0
DA:135,0
DA:136,0
DA:137,0
DA:138,0
DA:139,0
DA:140,0
DA:142,0
DA:144,0
DA:145,0
DA:146,0
DA:147,0
DA:148,0
DA:149,0
DA:156,0
DA:160,0
DA:163,0
DA:165,0
DA:166,0
DA:167,0
DA:172,0
DA:175,0
DA:178,0
DA:183,0
DA:186,0
LF:52
LH:12
end_of_record
SF:lib/service.g.dart
DA:9,0
DA:17,0
DA:18,0
DA:29,0
DA:33,0
DA:43,0
DA:50,0
DA:51,0
DA:62,0
DA:66,0
DA:76,0
DA:80,0
DA:91,0
DA:95,0
DA:96,0
DA:107,0
DA:112,0
DA:113,0
DA:124,0
DA:128,0
DA:139,0
DA:144,0
DA:145,0
LF:23
LH:0
end_of_record
SF:lib/domains/chord_selector.dart
DA:20,0
DA:22,2
DA:24,1
DA:25,2
DA:26,2
DA:27,1
DA:33,2
DA:34,1
DA:35,6
DA:37,0
DA:40,1
DA:42,1
DA:44,2
DA:45,1
DA:46,2
DA:47,1
DA:48,1
DA:49,4
DA:53,0
DA:57,1
DA:61,1
DA:62,1
DA:64,2
DA:67,1
DA:68,2
DA:69,3
DA:72,1
DA:73,3
DA:79,1
DA:80,4
DA:82,3
DA:83,1
DA:85,0
DA:89,2
DA:90,1
DA:91,1
DA:94,1
DA:95,1
DA:96,1
DA:100,1
DA:101,1
DA:103,2
DA:104,2
DA:105,3
DA:106,2
DA:107,3
DA:108,3
DA:109,3
DA:123,20
DA:125,0
DA:128,1
DA:130,1
DA:132,4
DA:133,1
DA:134,3
DA:137,1
DA:138,3
DA:139,2
DA:140,3
DA:142,2
DA:145,2
DA:146,2
DA:147,1
DA:154,1
DA:157,1
DA:158,2
DA:161,1
DA:166,20
DA:168,0
DA:171,1
DA:173,1
DA:175,4
DA:176,1
DA:178,3
DA:181,1
DA:182,3
DA:183,1
DA:184,1
DA:185,2
DA:187,3
DA:189,1
DA:190,2
DA:191,2
DA:192,2
DA:193,1
DA:201,1
DA:204,1
DA:205,2
DA:208,1
DA:211,1
DA:212,3
DA:213,2
LF:92
LH:86
end_of_record
SF:lib/utils/loaders/csv.dart
DA:13,2
DA:15,4
DA:28,19
DA:39,9
DA:41,3
DA:43,9
DA:45,6
DA:46,9
DA:47,3
DA:54,19
DA:58,0
DA:60,0
DA:61,0
LF:13
LH:10
end_of_record
SF:lib/utils/histogram.dart
DA:7,7
DA:23,7
DA:24,14
DA:25,14
DA:27,14
DA:28,21
DA:29,35
DA:34,7
DA:39,7
DA:40,14
DA:48,7
DA:49,21
DA:50,21
DA:54,35
DA:58,7
DA:59,35
DA:62,14
DA:64,7
DA:65,21
DA:66,35
DA:68,14
DA:69,7
DA:71,7
DA:75,0
LF:24
LH:23
end_of_record
SF:lib/domains/chroma_mapper.dart
DA:12,3
DA:13,3
DA:14,21
DA:15,21
DA:22,21
DA:32,0
DA:35,2
DA:37,6
DA:39,2
DA:40,8
DA:41,8
DA:42,8
DA:45,10
DA:47,6
DA:49,2
DA:56,0
DA:57,0
DA:59,39
DA:62,0
DA:65,0
DA:69,0
DA:72,1
DA:74,3
DA:76,1
DA:77,2
DA:78,7
DA:81,5
DA:83,3
DA:85,1
DA:91,0
DA:95,0
DA:96,0
DA:98,0
DA:100,0
DA:108,2
DA:112,6
DA:115,2
DA:117,2
DA:118,2
DA:119,4
DA:136,0
DA:137,0
DA:139,2
DA:141,4
DA:142,4
DA:143,6
DA:150,19
DA:152,0
DA:155,0
DA:156,0
DA:160,0
DA:164,0
DA:165,0
DA:167,0
DA:168,0
LF:55
LH:34
end_of_record
SF:lib/domains/chroma_calculators/chroma_calculator.dart
DA:27,0
DA:33,8
DA:38,8
DA:42,32
DA:46,7
DA:47,29
DA:49,0
DA:53,7
DA:60,35
DA:61,7
DA:72,28
DA:73,0
DA:78,7
DA:85,7
DA:86,7
DA:87,14
DA:88,7
DA:91,21
DA:92,7
DA:99,7
DA:103,7
DA:105,7
DA:106,7
DA:109,35
DA:111,21
DA:112,14
DA:114,7
DA:115,7
DA:116,29
DA:117,14
DA:119,21
DA:120,28
DA:121,28
DA:123,28
DA:125,14
DA:126,7
DA:127,0
DA:128,7
DA:129,7
DA:130,77
DA:131,0
DA:132,14
DA:142,8
DA:147,24
DA:151,21
DA:154,21
DA:156,24
DA:158,7
DA:159,14
DA:161,0
DA:163,0
DA:168,7
DA:177,12
DA:178,3
DA:183,7
DA:184,14
DA:186,5
DA:190,10
LF:58
LH:51
end_of_record
SF:lib/utils/loaders/audio.dart
DA:6,10
DA:12,2
DA:13,2
DA:20,50
DA:23,10
DA:27,20
DA:28,30
DA:29,40
DA:30,20
DA:31,10
DA:34,3
DA:38,3
DA:42,9
DA:43,9
DA:45,6
DA:46,3
DA:49,10
DA:50,20
DA:52,10
DA:53,20
DA:56,30
DA:57,10
DA:60,20
DA:61,40
DA:62,40
DA:65,10
DA:66,10
DA:68,20
DA:69,10
DA:72,10
DA:73,0
DA:78,0
DA:79,0
DA:81,0
DA:84,10
DA:89,10
DA:90,0
DA:91,10
DA:92,10
DA:109,29
DA:110,9
DA:115,10
DA:121,10
DA:122,10
DA:123,10
DA:124,20
DA:125,10
DA:126,10
DA:129,10
DA:130,30
DA:135,0
DA:138,0
DA:139,0
DA:140,0
DA:141,0
LF:55
LH:45
end_of_record
SF:lib/domains/magnitudes_calculator.dart
DA:31,8
DA:33,8
DA:34,12
DA:35,16
DA:38,7
DA:40,3
DA:41,4
DA:42,2
DA:45,7
DA:50,3
DA:55,3
DA:62,0
DA:63,0
DA:65,0
DA:66,0
DA:68,3
DA:70,3
DA:71,3
DA:72,15
DA:73,12
DA:74,6
DA:79,2
DA:81,6
DA:83,2
DA:85,6
DA:91,4
DA:95,8
DA:108,0
DA:109,0
DA:111,8
DA:113,1
DA:115,6
DA:117,12
DA:119,4
DA:121,4
DA:122,4
DA:123,28
DA:126,4
DA:128,8
DA:130,8
DA:132,8
DA:133,20
DA:135,4
DA:138,4
DA:139,4
DA:144,3
DA:146,9
DA:148,3
DA:150,9
LF:49
LH:43
end_of_record
SF:lib/domains/chroma_calculators/window.dart
DA:13,8
DA:14,16
DA:15,0
DA:16,0
DA:17,0
DA:18,0
DA:19,0
DA:22,7
DA:23,7
DA:24,7
DA:25,0
DA:26,0
DA:27,0
DA:28,0
DA:29,0
DA:30,0
DA:31,0
DA:37,0
DA:39,0
DA:40,0
DA:41,0
DA:42,0
DA:43,0
DA:46,7
DA:47,14
DA:49,0
DA:50,0
DA:52,0
DA:54,0
DA:55,0
DA:56,0
DA:59,0
DA:61,0
DA:62,0
DA:63,0
DA:64,0
DA:68,0
DA:69,0
DA:70,0
DA:72,0
DA:73,0
DA:74,0
DA:76,0
DA:81,7
DA:82,7
DA:84,21
DA:85,14
DA:91,7
DA:96,21
DA:98,35
DA:101,0
DA:106,0
DA:108,0
LF:53
LH:14
end_of_record
SF:lib/domains/chroma_calculators/comb_filter.dart
DA:11,40
DA:16,0
DA:18,0
DA:26,4
DA:30,0
DA:32,4
DA:33,8
DA:35,4
DA:36,8
DA:38,1
DA:39,2
DA:45,4
DA:54,12
DA:56,1
DA:58,3
DA:60,4
DA:62,8
DA:63,20
DA:64,4
DA:67,4
DA:68,12
DA:72,16
DA:73,8
DA:74,8
DA:77,24
DA:82,4
DA:83,24
DA:85,4
DA:87,12
DA:89,12
DA:90,4
DA:92,12
DA:93,12
DA:96,4
DA:97,24
DA:98,4
LF:36
LH:33
end_of_record
SF:lib/domains/chroma_calculators/reassignment.dart
DA:14,5
DA:21,0
DA:23,0
DA:25,5
DA:27,5
DA:28,10
DA:38,0
DA:39,0
DA:46,5
DA:51,15
DA:54,0
DA:55,0
DA:57,5
DA:63,20
DA:65,5
DA:70,5
DA:71,10
DA:72,15
DA:74,5
DA:77,5
DA:80,5
DA:83,5
DA:84,15
DA:88,20
DA:89,10
DA:90,10
DA:93,30
DA:96,0
DA:97,0
DA:99,0
DA:101,0
DA:102,0
LF:32
LH:21
end_of_record
SF:lib/widgets/debug_chip.dart
DA:7,0
DA:16,0
DA:17,0
DA:23,0
DA:25,0
DA:26,0
DA:29,0
DA:30,0
DA:33,0
DA:35,0
DA:38,0
DA:39,0
DA:40,0
DA:41,0
DA:42,0
DA:43,0
DA:44,0
DA:45,0
DA:47,0
DA:51,0
DA:53,0
DA:54,0
DA:55,0
DA:57,0
DA:58,0
DA:59,0
DA:60,0
DA:65,0
DA:67,0
DA:68,0
DA:69,0
DA:70,0
DA:72,0
DA:73,0
DA:74,0
DA:77,0
DA:82,0
LF:37
LH:0
end_of_record
SF:lib/utils/measure.dart
DA:8,0
DA:15,2
DA:16,4
DA:17,2
DA:18,2
DA:19,6
DA:22,2
DA:23,4
DA:24,8
DA:30,0
DA:31,0
DA:32,0
DA:36,0
DA:37,0
DA:38,0
DA:41,0
DA:42,0
DA:43,0
DA:48,0
DA:57,0
DA:58,0
DA:60,0
DA:61,0
DA:64,0
DA:65,0
DA:66,0
DA:68,0
LF:27
LH:8
end_of_record
SF:lib/domains/estimator/estimator.dart
DA:36,2
DA:55,0
DA:56,0
DA:58,2
DA:60,2
DA:62,6
DA:66,4
DA:68,4
DA:70,10
DA:74,2
DA:76,2
DA:77,2
DA:78,6
DA:82,6
DA:84,2
DA:86,6
DA:90,2
DA:91,6
DA:93,2
DA:94,2
DA:95,8
DA:96,2
DA:99,2
DA:100,4
DA:102,2
DA:103,4
DA:104,4
DA:109,0
DA:110,0
DA:111,0
DA:113,0
DA:118,0
DA:120,0
DA:123,0
DA:124,0
DA:125,0
DA:129,0
DA:131,0
DA:132,0
DA:138,0
DA:139,0
DA:143,2
DA:153,0
DA:155,0
DA:157,2
DA:160,8
DA:162,3
LF:47
LH:29
end_of_record
SF:lib/widgets/plot_view.dart
DA:12,0
DA:23,0
DA:25,0
DA:26,0
DA:28,0
DA:29,0
DA:30,0
DA:31,0
DA:32,0
DA:33,0
DA:34,0
DA:35,0
DA:36,0
DA:38,0
DA:39,0
DA:41,0
DA:44,0
DA:54,0
DA:65,0
DA:67,0
DA:68,0
DA:69,0
DA:71,0
DA:72,0
DA:74,0
DA:78,0
DA:79,0
DA:81,0
DA:88,0
DA:91,0
DA:97,0
DA:104,0
DA:105,0
DA:106,0
DA:109,0
DA:110,0
DA:111,0
DA:112,0
DA:113,0
DA:121,0
DA:132,0
DA:134,0
DA:135,0
DA:136,0
DA:138,0
DA:139,0
DA:140,0
DA:141,0
DA:144,0
DA:145,0
DA:146,0
DA:152,0
DA:154,0
DA:155,0
DA:156,0
DA:157,0
DA:162,0
DA:166,0
DA:167,0
DA:168,0
DA:169,0
DA:171,0
DA:172,0
DA:173,0
DA:174,0
DA:175,0
DA:176,0
DA:179,0
DA:180,0
DA:181,0
DA:186,0
DA:193,0
DA:195,0
DA:196,0
DA:197,0
DA:198,0
DA:199,0
DA:200,0
DA:201,0
DA:202,0
DA:207,0
DA:208,0
DA:209,0
DA:211,0
DA:212,0
DA:214,0
DA:215,0
DA:216,0
DA:217,0
DA:219,0
DA:220,0
DA:223,0
DA:224,0
DA:225,0
DA:227,0
DA:228,0
LF:96
LH:0
end_of_record
SF:lib/domains/filters/chord_change_detector.dart
DA:16,5
DA:17,9
DA:19,12
DA:21,5
DA:23,10
DA:24,5
DA:25,10
DA:26,0
DA:27,0
DA:30,15
DA:31,15
DA:32,10
DA:34,15
DA:45,0
DA:46,0
DA:47,0
DA:52,114
DA:54,1
DA:56,1
DA:57,1
DA:58,3
DA:65,3
DA:67,12
DA:68,9
DA:69,2
DA:73,0
DA:74,0
DA:80,3
DA:82,9
DA:83,1
DA:86,3
DA:91,9
DA:92,6
DA:94,6
DA:95,9
DA:96,6
DA:97,3
DA:113,2
DA:121,0
DA:122,0
DA:124,1
DA:126,1
DA:130,3
DA:131,4
DA:133,1
DA:141,1
DA:142,1
DA:148,1
DA:149,1
DA:150,2
DA:152,7
DA:159,1
DA:174,0
DA:177,1
DA:180,8
DA:181,1
DA:183,1
DA:187,3
DA:188,4
DA:189,2
DA:194,1
DA:195,2
DA:203,2
DA:208,0
DA:209,0
DA:215,0
DA:216,0
DA:218,1
DA:220,1
DA:224,3
DA:225,5
DA:228,2
DA:230,2
DA:234,1
DA:238,1
DA:239,2
LF:76
LH:62
end_of_record
SF:lib/domains/filters/filter.dart
DA:13,0
DA:17,0
DA:18,0
DA:20,0
DA:22,0
DA:26,2
DA:30,0
DA:31,0
DA:33,2
DA:35,2
DA:36,6
DA:37,6
DA:40,10
DA:41,2
DA:42,6
DA:44,4
DA:45,2
DA:48,2
DA:56,2
DA:59,4
DA:60,4
DA:61,2
DA:62,4
DA:63,4
DA:64,4
DA:72,2
DA:77,2
DA:78,2
DA:79,4
DA:83,0
DA:84,0
DA:90,2
DA:92,2
DA:94,6
DA:95,6
DA:96,10
DA:97,2
DA:98,6
DA:100,14
DA:110,1
DA:112,0
DA:115,1
DA:117,3
DA:120,1
DA:121,1
DA:122,2
DA:123,2
DA:124,5
LF:48
LH:38
end_of_record
SF:lib/domains/estimator/mean_pattern_matching.dart
DA:16,0
DA:20,0
DA:21,0
DA:22,0
DA:32,0
DA:33,0
DA:34,0
DA:35,0
DA:36,0
DA:37,0
DA:38,0
DA:46,0
DA:50,0
DA:52,0
DA:57,0
DA:58,0
DA:63,0
DA:64,0
DA:69,0
DA:71,0
DA:72,0
DA:73,0
DA:74,0
DA:75,0
DA:78,0
DA:83,0
DA:89,0
DA:94,0
DA:95,0
DA:100,0
DA:101,0
DA:106,0
DA:108,0
DA:110,0
DA:111,0
DA:112,0
DA:113,0
DA:114,0
DA:118,0
DA:125,0
DA:135,0
DA:141,0
DA:142,0
DA:144,0
DA:146,0
DA:147,0
DA:148,0
DA:149,0
DA:150,0
DA:151,0
DA:152,0
DA:156,0
DA:157,0
DA:158,0
DA:160,0
DA:162,0
DA:165,0
DA:172,0
DA:173,0
DA:174,0
DA:175,0
DA:176,0
DA:185,0
DA:196,0
DA:197,0
DA:199,0
DA:200,0
DA:201,0
DA:202,0
DA:203,0
DA:204,0
DA:205,0
LF:72
LH:0
end_of_record
SF:lib/domains/score_calculator.dart
DA:11,0
DA:13,0
DA:16,0
DA:18,0
DA:20,0
DA:21,0
DA:28,21
DA:30,0
DA:33,4
DA:35,16
DA:37,12
DA:38,24
DA:47,0
DA:49,97
DA:52,0
DA:56,0
DA:63,0
DA:64,0
DA:66,15
DA:68,7
LF:20
LH:8
end_of_record
SF:lib/domains/estimator/pattern_matching.dart
DA:15,2
DA:16,4
DA:20,4
DA:22,2
DA:23,6
DA:29,2
DA:31,1
DA:32,1
DA:34,0
DA:39,0
DA:42,0
DA:44,0
DA:46,0
DA:47,0
DA:49,1
DA:50,1
DA:51,1
DA:55,1
DA:56,3
DA:58,0
DA:59,0
DA:63,2
DA:73,2
DA:79,0
DA:81,0
DA:83,2
DA:88,12
DA:89,4
DA:90,6
DA:96,2
DA:99,1
DA:110,1
DA:111,1
DA:113,0
DA:114,1
DA:115,1
DA:116,1
DA:117,1
DA:118,1
DA:119,1
LF:40
LH:29
end_of_record
SF:lib/domains/estimator/search.dart
DA:11,1
DA:18,1
DA:22,3
DA:24,0
DA:25,0
DA:27,1
DA:29,2
DA:30,4
LF:8
LH:6
end_of_record
SF:lib/domains/note_extractor.dart
DA:9,19
DA:17,1
DA:19,1
DA:20,2
DA:21,2
DA:23,1
DA:24,2
DA:25,4
DA:26,4
DA:27,1
DA:32,0
DA:33,0
LF:12
LH:10
end_of_record
SF:lib/factory.dart
DA:15,8
DA:21,8
DA:22,8
DA:30,0
DA:31,3
DA:32,12
DA:33,15
DA:34,0
DA:37,27
DA:49,12
DA:51,12
DA:53,0
DA:55,0
DA:57,0
DA:64,8
DA:68,9
DA:69,24
DA:70,2
DA:73,14
DA:74,7
DA:75,7
DA:78,2
DA:79,1
DA:80,1
DA:84,1
DA:90,2
DA:91,2
DA:92,0
DA:93,2
DA:94,2
DA:99,8
DA:103,3
DA:105,3
DA:106,6
DA:113,4
DA:123,12
DA:126,4
DA:127,4
DA:128,8
DA:139,7
DA:149,3
DA:155,3
DA:157,6
DA:164,2
DA:168,2
DA:170,4
DA:173,4
DA:178,4
DA:179,4
DA:180,4
DA:184,5
DA:190,5
DA:191,5
DA:192,10
DA:197,5
DA:202,3
DA:207,6
DA:210,1
DA:214,1
DA:216,1
DA:219,1
DA:221,1
DA:226,1
DA:231,1
DA:233,1
DA:239,1
DA:241,1
DA:247,2
DA:249,2
DA:251,4
DA:258,1
DA:260,3
DA:261,2
DA:264,0
DA:267,0
DA:274,0
DA:278,0
DA:280,0
DA:281,0
DA:282,0
DA:287,8
DA:288,8
DA:289,8
DA:290,8
DA:291,8
LF:85
LH:72
end_of_record
